<?xml version="1.0" encoding="UTF-8"?>
<!-- Generated by org.testng.reporters.JUnitXMLReporter -->
<testsuite hostname="IN-HVMWTN2-10" ignored="0" name="DeveloperPortalRegistrationTest" tests="3" failures="2" timestamp="04 Feb 2019 13:13:02 GMT" time="51.556" errors="0">
  <testcase name="ExecuteOAuthAPI" time="3.654" classname="lbstestcases.VerifyLogin"/>
  <testcase name="VerifyValidLogin" time="39.684" classname="lbstestcases.VerifyLogin">
    <failure type="org.openqa.selenium.NoSuchElementException" message="Unable to locate element: #DevHubHeader
For documentation on this error, please visit: http://seleniumhq.org/exceptions/no_such_element.html
Build info: version: &amp;apos;3.14.0&amp;apos;, revision: &amp;apos;aacccce0&amp;apos;, time: &amp;apos;2018-08-02T20:19:58.91Z&amp;apos;
System info: host: &amp;apos;IN-HVMWTN2-10&amp;apos;, ip: &amp;apos;10.120.89.88&amp;apos;, os.name: &amp;apos;Windows 10&amp;apos;, os.arch: &amp;apos;x86&amp;apos;, os.version: &amp;apos;10.0&amp;apos;, java.version: &amp;apos;1.8.0_191&amp;apos;
Driver info: org.openqa.selenium.firefox.FirefoxDriver
Capabilities {acceptInsecureCerts: true, browserName: firefox, browserVersion: 64.0.2, javascriptEnabled: true, moz:accessibilityChecks: false, moz:geckodriverVersion: 0.23.0, moz:headless: false, moz:processID: 16496, moz:profile: C:\Users\pa011ra\AppData\Lo..., moz:shutdownTimeout: 60000, moz:useNonSpecCompliantPointerOrigin: false, moz:webdriverClick: true, pageLoadStrategy: normal, platform: WINDOWS, platformName: WINDOWS, platformVersion: 10.0, rotatable: false, setWindowRect: true, timeouts: {implicit: 0, pageLoad: 300000, script: 30000}, unhandledPromptBehavior: dismiss and notify}
Session ID: 5f113a73-9a63-4712-8326-fb6141f29471
*** Element info: {Using=id, value=DevHubHeader}">
      <![CDATA[org.openqa.selenium.NoSuchElementException: Unable to locate element: #DevHubHeader
For documentation on this error, please visit: http://seleniumhq.org/exceptions/no_such_element.html
Build info: version: '3.14.0', revision: 'aacccce0', time: '2018-08-02T20:19:58.91Z'
System info: host: 'IN-HVMWTN2-10', ip: '10.120.89.88', os.name: 'Windows 10', os.arch: 'x86', os.version: '10.0', java.version: '1.8.0_191'
Driver info: org.openqa.selenium.firefox.FirefoxDriver
Capabilities {acceptInsecureCerts: true, browserName: firefox, browserVersion: 64.0.2, javascriptEnabled: true, moz:accessibilityChecks: false, moz:geckodriverVersion: 0.23.0, moz:headless: false, moz:processID: 16496, moz:profile: C:\Users\pa011ra\AppData\Lo..., moz:shutdownTimeout: 60000, moz:useNonSpecCompliantPointerOrigin: false, moz:webdriverClick: true, pageLoadStrategy: normal, platform: WINDOWS, platformName: WINDOWS, platformVersion: 10.0, rotatable: false, setWindowRect: true, timeouts: {implicit: 0, pageLoad: 300000, script: 30000}, unhandledPromptBehavior: dismiss and notify}
Session ID: 5f113a73-9a63-4712-8326-fb6141f29471
*** Element info: {Using=id, value=DevHubHeader}
at org.openqa.selenium.remote.http.W3CHttpResponseCodec.createException(W3CHttpResponseCodec.java:187)
at org.openqa.selenium.remote.http.W3CHttpResponseCodec.decode(W3CHttpResponseCodec.java:122)
at org.openqa.selenium.remote.http.W3CHttpResponseCodec.decode(W3CHttpResponseCodec.java:49)
at org.openqa.selenium.remote.HttpCommandExecutor.execute(HttpCommandExecutor.java:158)
at org.openqa.selenium.remote.service.DriverCommandExecutor.execute(DriverCommandExecutor.java:83)
at org.openqa.selenium.remote.RemoteWebDriver.execute(RemoteWebDriver.java:548)
at org.openqa.selenium.remote.RemoteWebDriver.findElement(RemoteWebDriver.java:322)
at org.openqa.selenium.remote.RemoteWebDriver.findElementById(RemoteWebDriver.java:368)
at org.openqa.selenium.By$ById.findElement(By.java:188)
at org.openqa.selenium.remote.RemoteWebDriver.findElement(RemoteWebDriver.java:314)
at devportalpages.Dashboard.getHeaderMessage(Dashboard.java:18)
at lbstestcases.VerifyLogin.VerifyValidLogin(VerifyLogin.java:55)
... Removed 29 stack frames]]>
    </failure>
  </testcase> <!-- VerifyValidLogin -->
  <testcase name="VerifyValidLogin" time="39.688" classname="lbstestcases.VerifyLogin">
    <failure type="java.lang.NullPointerException">
      <![CDATA[java.lang.NullPointerException
at utils.TestListener.takeScreenShot(TestListener.java:45)
at utils.TestListener.onTestFailure(TestListener.java:41)
... Removed 22 stack frames]]>
    </failure>
  </testcase> <!-- VerifyValidLogin -->
</testsuite> <!-- DeveloperPortalRegistrationTest -->
